<?xml version="1.0" encoding="UTF-8"?>
<testsuite name="BasicTestWD" time="124.072" tests="5" errors="0" skipped="1" failures="4">
  <properties>
[...]
</properties>
  <testcase name="googleCheeseExample" classname="BasicTestWD" time="21.013">
    <failure message="Timed out waiting for driver server to start.&#10;Build info: version: &apos;3.5.3&apos;, revision: &apos;a88d25fe6b&apos;, time: &apos;2017-08-29T12:42:44.417Z&apos;&#10;System info: host: &apos;BANL148a4071e.local&apos;, ip: &apos;fe80:0:0:0:6203:8ff:fea4:71e%en0&apos;, os.name: &apos;Mac OS X&apos;, os.arch: &apos;x86_64&apos;, os.version: &apos;10.11.6&apos;, java.version: &apos;1.8.0_91&apos;&#10;Driver info: driver.version: PhantomJSDriver" type="org.openqa.selenium.WebDriverException"><![CDATA[org.openqa.selenium.WebDriverException: Timed out waiting for driver server to start.
Build info: version: '3.5.3', revision: 'a88d25fe6b', time: '2017-08-29T12:42:44.417Z'
System info: host: 'BANL148a4071e.local', ip: 'fe80:0:0:0:6203:8ff:fea4:71e%en0', os.name: 'Mac OS X', os.arch: 'x86_64', os.version: '10.11.6', java.version: '1.8.0_91'
Driver info: driver.version: PhantomJSDriver
	at java.util.concurrent.FutureTask.get(FutureTask.java:205)
	at com.google.common.util.concurrent.SimpleTimeLimiter.callWithTimeout(SimpleTimeLimiter.java:147)
	at org.openqa.selenium.net.UrlChecker.waitUntilAvailable(UrlChecker.java:77)
	at org.openqa.selenium.remote.service.DriverService.waitUntilAvailable(DriverService.java:187)
	at org.openqa.selenium.remote.service.DriverService.start(DriverService.java:178)
	at org.openqa.selenium.phantomjs.PhantomJSCommandExecutor.execute(PhantomJSCommandExecutor.java:78)
	at org.openqa.selenium.remote.RemoteWebDriver.execute(RemoteWebDriver.java:646)
	at org.openqa.selenium.remote.RemoteWebDriver.startSession(RemoteWebDriver.java:255)
	at org.openqa.selenium.remote.RemoteWebDriver.startSession(RemoteWebDriver.java:237)
	at org.openqa.selenium.remote.RemoteWebDriver.<init>(RemoteWebDriver.java:138)
	at org.openqa.selenium.phantomjs.PhantomJSDriver.<init>(PhantomJSDriver.java:116)
	at org.openqa.selenium.phantomjs.PhantomJSDriver.<init>(PhantomJSDriver.java:105)
	at config.DriverType$3.getWebDriverObject(DriverType.java:69)
	at WebDriverThread.instantiateWebDriver(WebDriverThread.java:66)
	at WebDriverThread.getDriver(WebDriverThread.java:32)
	at DriverFactory.getDriver(DriverFactory.java:36)
	at BasicTestWD.googleExampleThatSearchFor(BasicTestWD.java:16)
	at BasicTestWD.googleCheeseExample(BasicTestWD.java:39)
]]></failure>
    <system-out><![CDATA[Configuring TestNG with: TestNG652Configurator
 
 
Current Operating System: MAC OS X
Current Operating System: MAC OS X
Current Architecture: x86_64
Current Architecture: x86_64
Current Browser Selection: PHANTOMJS
 
Current Browser Selection: PHANTOMJS
 
]]></system-out>
    <system-err><![CDATA[Sep 26, 2017 10:51:50 PM org.openqa.selenium.phantomjs.PhantomJSDriverService <init>
INFO: executable: /Users/rmohanprasad/git/Mastering Selenium TestNG/src/resources/browserexes/chromedriver2
Sep 26, 2017 10:51:50 PM org.openqa.selenium.phantomjs.PhantomJSDriverService <init>
INFO: executable: /Users/rmohanprasad/git/Mastering Selenium TestNG/src/resources/browserexes/chromedriver2
Sep 26, 2017 10:51:50 PM org.openqa.selenium.phantomjs.PhantomJSDriverService <init>
INFO: port: 48863
Sep 26, 2017 10:51:50 PM org.openqa.selenium.phantomjs.PhantomJSDriverService <init>
INFO: port: 38363
Sep 26, 2017 10:51:50 PM org.openqa.selenium.phantomjs.PhantomJSDriverService <init>
INFO: arguments: [--web-security=false, --ssl-protocol=any, --ignore-ssl-errors=true, --webdriver=48863, --webdriver-logfile=/Users/rmohanprasad/git/Mastering Selenium TestNG/phantomjsdriver.log]
Sep 26, 2017 10:51:50 PM org.openqa.selenium.phantomjs.PhantomJSDriverService <init>
INFO: arguments: [--web-security=false, --ssl-protocol=any, --ignore-ssl-errors=true, --webdriver=38363, --webdriver-logfile=/Users/rmohanprasad/git/Mastering Selenium TestNG/phantomjsdriver.log]
Sep 26, 2017 10:51:50 PM org.openqa.selenium.phantomjs.PhantomJSDriverService <init>
INFO: environment: {}
Sep 26, 2017 10:51:50 PM org.openqa.selenium.phantomjs.PhantomJSDriverService <init>
INFO: environment: {}
Starting StarChroting ChromeDrimeDriver 2.32.498537 (cb2f855cbc7b82e20387eaf9a43f6b99b6105061) on port 9515
Only local connections are allowed.
ver 2.32.498537 (cb2f855cbc7b82e20387eaf9a43f6b99b6105061) on port 9515
Only local connections are allowed.
[0.004][SEVERE]: bind() returned an error, errno=48: Address already in use (48)
]]></system-err>
  </testcase>
  <testcase name="googleMilkExample" classname="BasicTestWD" time="21.014">
    <failure message="Timed out waiting for driver server to start.&#10;Build info: version: &apos;3.5.3&apos;, revision: &apos;a88d25fe6b&apos;, time: &apos;2017-08-29T12:42:44.417Z&apos;&#10;System info: host: &apos;BANL148a4071e.local&apos;, ip: &apos;fe80:0:0:0:6203:8ff:fea4:71e%en0&apos;, os.name: &apos;Mac OS X&apos;, os.arch: &apos;x86_64&apos;, os.version: &apos;10.11.6&apos;, java.version: &apos;1.8.0_91&apos;&#10;Driver info: driver.version: PhantomJSDriver" type="org.openqa.selenium.WebDriverException"><![CDATA[org.openqa.selenium.WebDriverException: Timed out waiting for driver server to start.
Build info: version: '3.5.3', revision: 'a88d25fe6b', time: '2017-08-29T12:42:44.417Z'
System info: host: 'BANL148a4071e.local', ip: 'fe80:0:0:0:6203:8ff:fea4:71e%en0', os.name: 'Mac OS X', os.arch: 'x86_64', os.version: '10.11.6', java.version: '1.8.0_91'
Driver info: driver.version: PhantomJSDriver
	at java.util.concurrent.FutureTask.get(FutureTask.java:205)
	at com.google.common.util.concurrent.SimpleTimeLimiter.callWithTimeout(SimpleTimeLimiter.java:147)
	at org.openqa.selenium.net.UrlChecker.waitUntilAvailable(UrlChecker.java:77)
	at org.openqa.selenium.remote.service.DriverService.waitUntilAvailable(DriverService.java:187)
	at org.openqa.selenium.remote.service.DriverService.start(DriverService.java:178)
	at org.openqa.selenium.phantomjs.PhantomJSCommandExecutor.execute(PhantomJSCommandExecutor.java:78)
	at org.openqa.selenium.remote.RemoteWebDriver.execute(RemoteWebDriver.java:646)
	at org.openqa.selenium.remote.RemoteWebDriver.startSession(RemoteWebDriver.java:255)
	at org.openqa.selenium.remote.RemoteWebDriver.startSession(RemoteWebDriver.java:237)
	at org.openqa.selenium.remote.RemoteWebDriver.<init>(RemoteWebDriver.java:138)
	at org.openqa.selenium.phantomjs.PhantomJSDriver.<init>(PhantomJSDriver.java:116)
	at org.openqa.selenium.phantomjs.PhantomJSDriver.<init>(PhantomJSDriver.java:105)
	at config.DriverType$3.getWebDriverObject(DriverType.java:69)
	at WebDriverThread.instantiateWebDriver(WebDriverThread.java:66)
	at WebDriverThread.getDriver(WebDriverThread.java:32)
	at DriverFactory.getDriver(DriverFactory.java:36)
	at BasicTestWD.googleExampleThatSearchFor(BasicTestWD.java:16)
	at BasicTestWD.googleMilkExample(BasicTestWD.java:44)
]]></failure>
  </testcase>
  <testcase name="clearCookies" classname="BasicTestWD" time="41.022">
    <failure message="Timed out waiting for driver server to start.&#10;Build info: version: &apos;3.5.3&apos;, revision: &apos;a88d25fe6b&apos;, time: &apos;2017-08-29T12:42:44.417Z&apos;&#10;System info: host: &apos;BANL148a4071e.local&apos;, ip: &apos;fe80:0:0:0:6203:8ff:fea4:71e%en0&apos;, os.name: &apos;Mac OS X&apos;, os.arch: &apos;x86_64&apos;, os.version: &apos;10.11.6&apos;, java.version: &apos;1.8.0_91&apos;&#10;Driver info: driver.version: PhantomJSDriver" type="org.openqa.selenium.WebDriverException"><![CDATA[org.openqa.selenium.WebDriverException: Timed out waiting for driver server to start.
Build info: version: '3.5.3', revision: 'a88d25fe6b', time: '2017-08-29T12:42:44.417Z'
System info: host: 'BANL148a4071e.local', ip: 'fe80:0:0:0:6203:8ff:fea4:71e%en0', os.name: 'Mac OS X', os.arch: 'x86_64', os.version: '10.11.6', java.version: '1.8.0_91'
Driver info: driver.version: PhantomJSDriver
	at org.openqa.selenium.remote.service.DriverService.waitUntilAvailable(DriverService.java:192)
	at org.openqa.selenium.remote.service.DriverService.start(DriverService.java:178)
	at org.openqa.selenium.phantomjs.PhantomJSCommandExecutor.execute(PhantomJSCommandExecutor.java:78)
	at org.openqa.selenium.remote.RemoteWebDriver.execute(RemoteWebDriver.java:646)
	at org.openqa.selenium.remote.RemoteWebDriver.startSession(RemoteWebDriver.java:255)
	at org.openqa.selenium.remote.RemoteWebDriver.startSession(RemoteWebDriver.java:237)
	at org.openqa.selenium.remote.RemoteWebDriver.<init>(RemoteWebDriver.java:138)
	at org.openqa.selenium.phantomjs.PhantomJSDriver.<init>(PhantomJSDriver.java:116)
	at org.openqa.selenium.phantomjs.PhantomJSDriver.<init>(PhantomJSDriver.java:105)
	at config.DriverType$3.getWebDriverObject(DriverType.java:69)
	at WebDriverThread.instantiateWebDriver(WebDriverThread.java:66)
	at WebDriverThread.getDriver(WebDriverThread.java:32)
	at DriverFactory.getDriver(DriverFactory.java:36)
	at DriverFactory.clearCookies(DriverFactory.java:42)
	at sun.reflect.NativeMethodAccessorImpl.invoke0(Native Method)
	at sun.reflect.NativeMethodAccessorImpl.invoke(NativeMethodAccessorImpl.java:62)
	at sun.reflect.DelegatingMethodAccessorImpl.invoke(DelegatingMethodAccessorImpl.java:43)
	at java.lang.reflect.Method.invoke(Method.java:498)
	at org.testng.internal.MethodInvocationHelper.invokeMethod(MethodInvocationHelper.java:80)
	at org.testng.internal.Invoker.invokeConfigurationMethod(Invoker.java:564)
	at org.testng.internal.Invoker.invokeConfigurations(Invoker.java:213)
	at org.testng.internal.Invoker.invokeMethod(Invoker.java:786)
	at org.testng.internal.Invoker.invokeTestMethod(Invoker.java:901)
	at org.testng.internal.Invoker.invokeTestMethods(Invoker.java:1231)
	at org.testng.internal.TestMethodWorker.invokeTestMethods(TestMethodWorker.java:127)
	at org.testng.internal.TestMethodWorker.run(TestMethodWorker.java:111)
	at java.util.concurrent.ThreadPoolExecutor.runWorker(ThreadPoolExecutor.java:1142)
	at java.util.concurrent.ThreadPoolExecutor$Worker.run(ThreadPoolExecutor.java:617)
	at java.lang.Thread.run(Thread.java:745)
Caused by: org.openqa.selenium.net.UrlChecker$TimeoutException: Timed out waiting for [http://localhost:5394/status] to be available after 20003 ms
	at org.openqa.selenium.net.UrlChecker.waitUntilAvailable(UrlChecker.java:102)
	at org.openqa.selenium.remote.service.DriverService.waitUntilAvailable(DriverService.java:187)
	at org.openqa.selenium.remote.service.DriverService.start(DriverService.java:178)
	at org.openqa.selenium.phantomjs.PhantomJSCommandExecutor.execute(PhantomJSCommandExecutor.java:78)
	at org.openqa.selenium.remote.RemoteWebDriver.execute(RemoteWebDriver.java:646)
	at org.openqa.selenium.remote.RemoteWebDriver.startSession(RemoteWebDriver.java:255)
	at org.openqa.selenium.remote.RemoteWebDriver.startSession(RemoteWebDriver.java:237)
	at org.openqa.selenium.remote.RemoteWebDriver.<init>(RemoteWebDriver.java:138)
	at org.openqa.selenium.phantomjs.PhantomJSDriver.<init>(PhantomJSDriver.java:116)
	at org.openqa.selenium.phantomjs.PhantomJSDriver.<init>(PhantomJSDriver.java:105)
	at config.DriverType$3.getWebDriverObject(DriverType.java:69)
	at WebDriverThread.instantiateWebDriver(WebDriverThread.java:66)
	at WebDriverThread.getDriver(WebDriverThread.java:32)
	at DriverFactory.getDriver(DriverFactory.java:36)
	at DriverFactory.clearCookies(DriverFactory.java:42)
	at sun.reflect.NativeMethodAccessorImpl.invoke0(Native Method)
	at sun.reflect.NativeMethodAccessorImpl.invoke(NativeMethodAccessorImpl.java:62)
	at sun.reflect.DelegatingMethodAccessorImpl.invoke(DelegatingMethodAccessorImpl.java:43)
	at java.lang.reflect.Method.invoke(Method.java:498)
	at org.testng.internal.MethodInvocationHelper.invokeMethod(MethodInvocationHelper.java:80)
	at org.testng.internal.Invoker.invokeConfigurationMethod(Invoker.java:564)
	at org.testng.internal.Invoker.invokeConfigurations(Invoker.java:213)
	at org.testng.internal.Invoker.invokeMethod(Invoker.java:786)
	at org.testng.internal.Invoker.invokeTestMethod(Invoker.java:901)
	at org.testng.internal.Invoker.invokeTestMethods(Invoker.java:1231)
	at org.testng.internal.TestMethodWorker.invokeTestMethods(TestMethodWorker.java:127)
	at org.testng.internal.TestMethodWorker.run(TestMethodWorker.java:111)
	at java.util.concurrent.ThreadPoolExecutor.runWorker(ThreadPoolExecutor.java:1142)
	at java.util.concurrent.ThreadPoolExecutor$Worker.run(ThreadPoolExecutor.java:617)
	at java.lang.Thread.run(Thread.java:745)
Caused by: java.util.concurrent.TimeoutException: null
	at java.util.concurrent.FutureTask.get(FutureTask.java:205)
	at com.google.common.util.concurrent.SimpleTimeLimiter.callWithTimeout(SimpleTimeLimiter.java:147)
	at org.openqa.selenium.net.UrlChecker.waitUntilAvailable(UrlChecker.java:77)
	at org.openqa.selenium.remote.service.DriverService.waitUntilAvailable(DriverService.java:187)
	at org.openqa.selenium.remote.service.DriverService.start(DriverService.java:178)
	at org.openqa.selenium.phantomjs.PhantomJSCommandExecutor.execute(PhantomJSCommandExecutor.java:78)
	at org.openqa.selenium.remote.RemoteWebDriver.execute(RemoteWebDriver.java:646)
	at org.openqa.selenium.remote.RemoteWebDriver.startSession(RemoteWebDriver.java:255)
	at org.openqa.selenium.remote.RemoteWebDriver.startSession(RemoteWebDriver.java:237)
	at org.openqa.selenium.remote.RemoteWebDriver.<init>(RemoteWebDriver.java:138)
	at org.openqa.selenium.phantomjs.PhantomJSDriver.<init>(PhantomJSDriver.java:116)
	at org.openqa.selenium.phantomjs.PhantomJSDriver.<init>(PhantomJSDriver.java:105)
	at config.DriverType$3.getWebDriverObject(DriverType.java:69)
	at WebDriverThread.instantiateWebDriver(WebDriverThread.java:66)
	at WebDriverThread.getDriver(WebDriverThread.java:32)
	at DriverFactory.getDriver(DriverFactory.java:36)
	at DriverFactory.clearCookies(DriverFactory.java:42)
	at sun.reflect.NativeMethodAccessorImpl.invoke0(Native Method)
	at sun.reflect.NativeMethodAccessorImpl.invoke(NativeMethodAccessorImpl.java:62)
	at sun.reflect.DelegatingMethodAccessorImpl.invoke(DelegatingMethodAccessorImpl.java:43)
	at java.lang.reflect.Method.invoke(Method.java:498)
	at org.testng.internal.MethodInvocationHelper.invokeMethod(MethodInvocationHelper.java:80)
	at org.testng.internal.Invoker.invokeConfigurationMethod(Invoker.java:564)
	at org.testng.internal.Invoker.invokeConfigurations(Invoker.java:213)
	at org.testng.internal.Invoker.invokeMethod(Invoker.java:786)
	at org.testng.internal.Invoker.invokeTestMethod(Invoker.java:901)
	at org.testng.internal.Invoker.invokeTestMethods(Invoker.java:1231)
	at org.testng.internal.TestMethodWorker.invokeTestMethods(TestMethodWorker.java:127)
	at org.testng.internal.TestMethodWorker.run(TestMethodWorker.java:111)
	at java.util.concurrent.ThreadPoolExecutor.runWorker(ThreadPoolExecutor.java:1142)
	at java.util.concurrent.ThreadPoolExecutor$Worker.run(ThreadPoolExecutor.java:617)
	at java.lang.Thread.run(Thread.java:745)
]]></failure>
    <system-out><![CDATA[ 
Current Operating System: MAC OS X
 
Current Operating System: MAC OS X
Current Architecture: x86_64
Current Browser Selection: PHANTOMJS
 
Current Architecture: x86_64
Current Browser Selection: PHANTOMJS
 
]]></system-out>
    <system-err><![CDATA[Sep 26, 2017 10:52:10 PM org.openqa.selenium.phantomjs.PhantomJSDriverService <init>
INFO: executable: /Users/rmohanprasad/git/Mastering Selenium TestNG/src/resources/browserexes/chromedriver2
Sep 26, 2017 10:52:10 PM org.openqa.selenium.phantomjs.PhantomJSDriverService <init>
INFO: executable: /Users/rmohanprasad/git/Mastering Selenium TestNG/src/resources/browserexes/chromedriver2
Sep 26, 2017 10:52:10 PM org.openqa.selenium.phantomjs.PhantomJSDriverService <init>
INFO: port: 5394
Sep 26, 2017 10:52:10 PM org.openqa.selenium.phantomjs.PhantomJSDriverService <init>
INFO: port: 31102
Sep 26, 2017 10:52:10 PM org.openqa.selenium.phantomjs.PhantomJSDriverService <init>
INFO: arguments: [--web-security=false, --ssl-protocol=any, --ignore-ssl-errors=true, --webdriver=5394, --webdriver-logfile=/Users/rmohanprasad/git/Mastering Selenium TestNG/phantomjsdriver.log]
Sep 26, 2017 10:52:10 PM org.openqa.selenium.phantomjs.PhantomJSDriverService <init>
INFO: arguments: [--web-security=false, --ssl-protocol=any, --ignore-ssl-errors=true, --webdriver=31102, --webdriver-logfile=/Users/rmohanprasad/git/Mastering Selenium TestNG/phantomjsdriver.log]
Sep 26, 2017 10:52:10 PM org.openqa.selenium.phantomjs.PhantomJSDriverService <init>
INFO: environment: {}
Sep 26, 2017 10:52:10 PM org.openqa.selenium.phantomjs.PhantomJSDriverService <init>
INFO: environment: {}
Starting ChromeDriver 2.32.498537 (cb2f855cbc7b82e2Starting ChromeDriver 2.32.498537 (c0387eaf9a43f6b99b6105061) on port 9515
Only local connections are allowed.
b2f855cbc7b82e20387eaf9a43f6b99b6105061) on port 9515
Only local connections are allowed.
[0.003][SEVERE]: bind() returned an error, errno=48: Address already in use (48)
[0.003][SEVERE]: bind() returned an error, errno=48: Address already in use (48)
Port not available. ExitiPort not ng...
available. Exiting...
[0.003][SEVERE]: bind() returned an error, errno=48: Address already in use (48)
[0.004][SEVERE]: bind() returned an error, errno=48: Address already in use (48)
Sep 26, 2017 10:52:30 PM org.openqa.selenium.os.UnixProcess checkForError
SEVERE: org.apache.commons.exec.ExecuteException: Process exited with an error: 1 (Exit value: 1)
Sep 26, 2017 10:52:30 PM org.openqa.selenium.os.UnixProcess checkForError
SEVERE: org.apache.commons.exec.ExecuteException: Process exited with an error: 1 (Exit value: 1)
]]></system-err>
  </testcase>
  <testcase name="clearCookies" classname="BasicTestWD" time="41.023">
    <failure message="Timed out waiting for driver server to start.&#10;Build info: version: &apos;3.5.3&apos;, revision: &apos;a88d25fe6b&apos;, time: &apos;2017-08-29T12:42:44.417Z&apos;&#10;System info: host: &apos;BANL148a4071e.local&apos;, ip: &apos;fe80:0:0:0:6203:8ff:fea4:71e%en0&apos;, os.name: &apos;Mac OS X&apos;, os.arch: &apos;x86_64&apos;, os.version: &apos;10.11.6&apos;, java.version: &apos;1.8.0_91&apos;&#10;Driver info: driver.version: PhantomJSDriver" type="org.openqa.selenium.WebDriverException"><![CDATA[org.openqa.selenium.WebDriverException: Timed out waiting for driver server to start.
Build info: version: '3.5.3', revision: 'a88d25fe6b', time: '2017-08-29T12:42:44.417Z'
System info: host: 'BANL148a4071e.local', ip: 'fe80:0:0:0:6203:8ff:fea4:71e%en0', os.name: 'Mac OS X', os.arch: 'x86_64', os.version: '10.11.6', java.version: '1.8.0_91'
Driver info: driver.version: PhantomJSDriver
	at org.openqa.selenium.remote.service.DriverService.waitUntilAvailable(DriverService.java:192)
	at org.openqa.selenium.remote.service.DriverService.start(DriverService.java:178)
	at org.openqa.selenium.phantomjs.PhantomJSCommandExecutor.execute(PhantomJSCommandExecutor.java:78)
	at org.openqa.selenium.remote.RemoteWebDriver.execute(RemoteWebDriver.java:646)
	at org.openqa.selenium.remote.RemoteWebDriver.startSession(RemoteWebDriver.java:255)
	at org.openqa.selenium.remote.RemoteWebDriver.startSession(RemoteWebDriver.java:237)
	at org.openqa.selenium.remote.RemoteWebDriver.<init>(RemoteWebDriver.java:138)
	at org.openqa.selenium.phantomjs.PhantomJSDriver.<init>(PhantomJSDriver.java:116)
	at org.openqa.selenium.phantomjs.PhantomJSDriver.<init>(PhantomJSDriver.java:105)
	at config.DriverType$3.getWebDriverObject(DriverType.java:69)
	at WebDriverThread.instantiateWebDriver(WebDriverThread.java:66)
	at WebDriverThread.getDriver(WebDriverThread.java:32)
	at DriverFactory.getDriver(DriverFactory.java:36)
	at DriverFactory.clearCookies(DriverFactory.java:42)
	at sun.reflect.NativeMethodAccessorImpl.invoke0(Native Method)
	at sun.reflect.NativeMethodAccessorImpl.invoke(NativeMethodAccessorImpl.java:62)
	at sun.reflect.DelegatingMethodAccessorImpl.invoke(DelegatingMethodAccessorImpl.java:43)
	at java.lang.reflect.Method.invoke(Method.java:498)
	at org.testng.internal.MethodInvocationHelper.invokeMethod(MethodInvocationHelper.java:80)
	at org.testng.internal.Invoker.invokeConfigurationMethod(Invoker.java:564)
	at org.testng.internal.Invoker.invokeConfigurations(Invoker.java:213)
	at org.testng.internal.Invoker.invokeMethod(Invoker.java:786)
	at org.testng.internal.Invoker.invokeTestMethod(Invoker.java:901)
	at org.testng.internal.Invoker.invokeTestMethods(Invoker.java:1231)
	at org.testng.internal.TestMethodWorker.invokeTestMethods(TestMethodWorker.java:127)
	at org.testng.internal.TestMethodWorker.run(TestMethodWorker.java:111)
	at java.util.concurrent.ThreadPoolExecutor.runWorker(ThreadPoolExecutor.java:1142)
	at java.util.concurrent.ThreadPoolExecutor$Worker.run(ThreadPoolExecutor.java:617)
	at java.lang.Thread.run(Thread.java:745)
Caused by: org.openqa.selenium.net.UrlChecker$TimeoutException: Timed out waiting for [http://localhost:31102/status] to be available after 20002 ms
	at org.openqa.selenium.net.UrlChecker.waitUntilAvailable(UrlChecker.java:102)
	at org.openqa.selenium.remote.service.DriverService.waitUntilAvailable(DriverService.java:187)
	at org.openqa.selenium.remote.service.DriverService.start(DriverService.java:178)
	at org.openqa.selenium.phantomjs.PhantomJSCommandExecutor.execute(PhantomJSCommandExecutor.java:78)
	at org.openqa.selenium.remote.RemoteWebDriver.execute(RemoteWebDriver.java:646)
	at org.openqa.selenium.remote.RemoteWebDriver.startSession(RemoteWebDriver.java:255)
	at org.openqa.selenium.remote.RemoteWebDriver.startSession(RemoteWebDriver.java:237)
	at org.openqa.selenium.remote.RemoteWebDriver.<init>(RemoteWebDriver.java:138)
	at org.openqa.selenium.phantomjs.PhantomJSDriver.<init>(PhantomJSDriver.java:116)
	at org.openqa.selenium.phantomjs.PhantomJSDriver.<init>(PhantomJSDriver.java:105)
	at config.DriverType$3.getWebDriverObject(DriverType.java:69)
	at WebDriverThread.instantiateWebDriver(WebDriverThread.java:66)
	at WebDriverThread.getDriver(WebDriverThread.java:32)
	at DriverFactory.getDriver(DriverFactory.java:36)
	at DriverFactory.clearCookies(DriverFactory.java:42)
	at sun.reflect.NativeMethodAccessorImpl.invoke0(Native Method)
	at sun.reflect.NativeMethodAccessorImpl.invoke(NativeMethodAccessorImpl.java:62)
	at sun.reflect.DelegatingMethodAccessorImpl.invoke(DelegatingMethodAccessorImpl.java:43)
	at java.lang.reflect.Method.invoke(Method.java:498)
	at org.testng.internal.MethodInvocationHelper.invokeMethod(MethodInvocationHelper.java:80)
	at org.testng.internal.Invoker.invokeConfigurationMethod(Invoker.java:564)
	at org.testng.internal.Invoker.invokeConfigurations(Invoker.java:213)
	at org.testng.internal.Invoker.invokeMethod(Invoker.java:786)
	at org.testng.internal.Invoker.invokeTestMethod(Invoker.java:901)
	at org.testng.internal.Invoker.invokeTestMethods(Invoker.java:1231)
	at org.testng.internal.TestMethodWorker.invokeTestMethods(TestMethodWorker.java:127)
	at org.testng.internal.TestMethodWorker.run(TestMethodWorker.java:111)
	at java.util.concurrent.ThreadPoolExecutor.runWorker(ThreadPoolExecutor.java:1142)
	at java.util.concurrent.ThreadPoolExecutor$Worker.run(ThreadPoolExecutor.java:617)
	at java.lang.Thread.run(Thread.java:745)
Caused by: java.util.concurrent.TimeoutException: null
	at java.util.concurrent.FutureTask.get(FutureTask.java:205)
	at com.google.common.util.concurrent.SimpleTimeLimiter.callWithTimeout(SimpleTimeLimiter.java:147)
	at org.openqa.selenium.net.UrlChecker.waitUntilAvailable(UrlChecker.java:77)
	at org.openqa.selenium.remote.service.DriverService.waitUntilAvailable(DriverService.java:187)
	at org.openqa.selenium.remote.service.DriverService.start(DriverService.java:178)
	at org.openqa.selenium.phantomjs.PhantomJSCommandExecutor.execute(PhantomJSCommandExecutor.java:78)
	at org.openqa.selenium.remote.RemoteWebDriver.execute(RemoteWebDriver.java:646)
	at org.openqa.selenium.remote.RemoteWebDriver.startSession(RemoteWebDriver.java:255)
	at org.openqa.selenium.remote.RemoteWebDriver.startSession(RemoteWebDriver.java:237)
	at org.openqa.selenium.remote.RemoteWebDriver.<init>(RemoteWebDriver.java:138)
	at org.openqa.selenium.phantomjs.PhantomJSDriver.<init>(PhantomJSDriver.java:116)
	at org.openqa.selenium.phantomjs.PhantomJSDriver.<init>(PhantomJSDriver.java:105)
	at config.DriverType$3.getWebDriverObject(DriverType.java:69)
	at WebDriverThread.instantiateWebDriver(WebDriverThread.java:66)
	at WebDriverThread.getDriver(WebDriverThread.java:32)
	at DriverFactory.getDriver(DriverFactory.java:36)
	at DriverFactory.clearCookies(DriverFactory.java:42)
	at sun.reflect.NativeMethodAccessorImpl.invoke0(Native Method)
	at sun.reflect.NativeMethodAccessorImpl.invoke(NativeMethodAccessorImpl.java:62)
	at sun.reflect.DelegatingMethodAccessorImpl.invoke(DelegatingMethodAccessorImpl.java:43)
	at java.lang.reflect.Method.invoke(Method.java:498)
	at org.testng.internal.MethodInvocationHelper.invokeMethod(MethodInvocationHelper.java:80)
	at org.testng.internal.Invoker.invokeConfigurationMethod(Invoker.java:564)
	at org.testng.internal.Invoker.invokeConfigurations(Invoker.java:213)
	at org.testng.internal.Invoker.invokeMethod(Invoker.java:786)
	at org.testng.internal.Invoker.invokeTestMethod(Invoker.java:901)
	at org.testng.internal.Invoker.invokeTestMethods(Invoker.java:1231)
	at org.testng.internal.TestMethodWorker.invokeTestMethods(TestMethodWorker.java:127)
	at org.testng.internal.TestMethodWorker.run(TestMethodWorker.java:111)
	at java.util.concurrent.ThreadPoolExecutor.runWorker(ThreadPoolExecutor.java:1142)
	at java.util.concurrent.ThreadPoolExecutor$Worker.run(ThreadPoolExecutor.java:617)
	at java.lang.Thread.run(Thread.java:745)
]]></failure>
  </testcase>
  <testcase name="closeDriverObjects" classname="BasicTestWD" time="0">
    <skipped/>
  </testcase>
</testsuite>